2017/12/03 17:13:37 INFO  - jmeter.util.JMeterUtils: Setting Locale to en_US 
2017/12/03 17:13:37 INFO  - jmeter.JMeter: Loading user properties from: C:\JDeveloper1213\mywork\SOADemoRep-master\SOADemoRep-master\soaDemoSync\target\jmeter\bin\user.properties 
2017/12/03 17:13:37 INFO  - jmeter.JMeter: Loading system properties from: C:\JDeveloper1213\mywork\SOADemoRep-master\SOADemoRep-master\soaDemoSync\target\jmeter\bin\system.properties 
2017/12/03 17:13:37 INFO  - jmeter.JMeter: Copyright (c) 1998-2013 The Apache Software Foundation 
2017/12/03 17:13:37 INFO  - jmeter.JMeter: Version 2.10 r1533061 
2017/12/03 17:13:37 INFO  - jmeter.JMeter: java.version=1.7.0_80-ea 
2017/12/03 17:13:37 INFO  - jmeter.JMeter: java.vm.name=Java HotSpot(TM) 64-Bit Server VM 
2017/12/03 17:13:37 INFO  - jmeter.JMeter: os.name=Windows 7 
2017/12/03 17:13:37 INFO  - jmeter.JMeter: os.arch=amd64 
2017/12/03 17:13:37 INFO  - jmeter.JMeter: os.version=6.1 
2017/12/03 17:13:37 INFO  - jmeter.JMeter: file.encoding=Cp1252 
2017/12/03 17:13:37 INFO  - jmeter.JMeter: Default Locale=English (United States) 
2017/12/03 17:13:37 INFO  - jmeter.JMeter: JMeter  Locale=English (United States) 
2017/12/03 17:13:37 INFO  - jmeter.JMeter: JMeterHome=C:\JDeveloper1213\mywork\SOADemoRep-master\SOADemoRep-master\soaDemoSync\target\jmeter 
2017/12/03 17:13:37 INFO  - jmeter.JMeter: user.dir  =C:\JDeveloper1213\mywork\SOADemoRep-master\SOADemoRep-master\soaDemoSync\target\jmeter\bin 
2017/12/03 17:13:37 INFO  - jmeter.JMeter: PWD       =C:\JDeveloper1213\mywork\SOADemoRep-master\SOADemoRep-master\soaDemoSync\target\jmeter\bin 
2017/12/03 17:13:37 INFO  - jmeter.JMeter: IP: 10.1.33.184 Name: DH4KXP12 FullName: DH4KXP12.specialized.com 
2017/12/03 17:13:37 INFO  - jmeter.services.FileServer: Default base='C:\JDeveloper1213\mywork\SOADemoRep-master\SOADemoRep-master\soaDemoSync\target\jmeter\bin' 
2017/12/03 17:13:37 INFO  - jmeter.services.FileServer: Set new base='C:\JDeveloper1213\mywork\SOADemoRep-master\SOADemoRep-master\soaDemoSync\src\test\jmeter' 
2017/12/03 17:13:37 INFO  - jmeter.JMeter: Loading file: C:\JDeveloper1213\mywork\SOADemoRep-master\SOADemoRep-master\soaDemoSync\src\test\jmeter\soaDemoSync.jmx 
2017/12/03 17:13:38 INFO  - jmeter.save.SaveService: Testplan (JMX) version: 2.2. Testlog (JTL) version: 2.2 
2017/12/03 17:13:38 INFO  - jmeter.save.SaveService: Using SaveService properties file encoding UTF-8 
2017/12/03 17:13:38 INFO  - jmeter.save.SaveService: Using SaveService properties version 2.5 
2017/12/03 17:13:38 INFO  - jmeter.save.SaveService: Using SaveService properties file version 1519088 
2017/12/03 17:13:38 INFO  - jmeter.save.SaveService: All converter versions present and correct 
2017/12/03 17:13:38 INFO  - jmeter.protocol.http.sampler.HTTPSamplerBase: Cannot find .className property for htmlParser, using default 
2017/12/03 17:13:38 INFO  - jmeter.protocol.http.sampler.HTTPSamplerBase: Parser for text/html is  
2017/12/03 17:13:38 INFO  - jmeter.protocol.http.sampler.HTTPSamplerBase: Parser for application/xhtml+xml is  
2017/12/03 17:13:38 INFO  - jmeter.protocol.http.sampler.HTTPSamplerBase: Parser for application/xml is  
2017/12/03 17:13:38 INFO  - jmeter.protocol.http.sampler.HTTPSamplerBase: Parser for text/xml is  
2017/12/03 17:13:38 INFO  - jmeter.protocol.http.sampler.HTTPSamplerBase: Parser for text/vnd.wap.wml is org.apache.jmeter.protocol.http.parser.RegexpHTMLParser 
2017/12/03 17:13:38 INFO  - jmeter.protocol.http.sampler.HTTPHCAbstractImpl: Local host = DH4KXP12 
2017/12/03 17:13:38 INFO  - jmeter.protocol.http.sampler.HTTPHC3Impl: HTTP request retry count = 0 
2017/12/03 17:13:38 INFO  - jmeter.engine.StandardJMeterEngine: Listeners will be started after enabling running version 
2017/12/03 17:13:38 INFO  - jmeter.engine.StandardJMeterEngine: To revert to the earlier behaviour, define jmeterengine.startlistenerslater=false 
2017/12/03 17:13:38 INFO  - jmeter.engine.StandardJMeterEngine: Running the test! 
2017/12/03 17:13:38 INFO  - jmeter.samplers.SampleEvent: List of sample_variables: [] 
2017/12/03 17:13:38 INFO  - jmeter.samplers.SampleEvent: List of sample_variables: [] 
2017/12/03 17:13:38 INFO  - jmeter.engine.util.CompoundVariable: Note: Function class names must contain the string: '.functions.' 
2017/12/03 17:13:38 INFO  - jmeter.engine.util.CompoundVariable: Note: Function class names must not contain the string: '.gui.' 
2017/12/03 17:13:38 INFO  - jmeter.JMeter: Running test (1512350018468) 
2017/12/03 17:13:38 INFO  - jmeter.engine.StandardJMeterEngine: Starting ThreadGroup: 1 : Thread Group 
2017/12/03 17:13:38 INFO  - jmeter.engine.StandardJMeterEngine: Starting 5 threads for group Thread Group. 
2017/12/03 17:13:38 INFO  - jmeter.engine.StandardJMeterEngine: Thread will continue on error 
2017/12/03 17:13:38 INFO  - jmeter.threads.ThreadGroup: Starting thread group number 1 threads 5 ramp-up 1 perThread 200.0 delayedStart=false 
2017/12/03 17:13:38 INFO  - jmeter.threads.JMeterThread: jmeterthread.startearlier=true (see jmeter.properties) 
2017/12/03 17:13:38 INFO  - jmeter.threads.JMeterThread: Running PostProcessors in forward order 
2017/12/03 17:13:38 INFO  - jmeter.threads.ThreadGroup: Started thread group number 1 
2017/12/03 17:13:38 INFO  - jmeter.engine.StandardJMeterEngine: All thread groups have been started 
2017/12/03 17:13:38 INFO  - jmeter.threads.JMeterThread: Thread started: Thread Group 1-1 
2017/12/03 17:13:38 INFO  - jmeter.samplers.SampleResult: Note: Sample TimeStamps are START times 
2017/12/03 17:13:38 INFO  - jmeter.samplers.SampleResult: sampleresult.default.encoding is set to ISO-8859-1 
2017/12/03 17:13:38 INFO  - jmeter.samplers.SampleResult: sampleresult.useNanoTime=true 
2017/12/03 17:13:38 INFO  - jmeter.samplers.SampleResult: sampleresult.nanoThreadSleep=5000 
2017/12/03 17:13:38 INFO  - jmeter.threads.JMeterThread: Thread started: Thread Group 1-2 
2017/12/03 17:13:38 INFO  - jmeter.threads.JMeterThread: Thread started: Thread Group 1-3 
2017/12/03 17:13:39 INFO  - jmeter.threads.JMeterThread: Thread started: Thread Group 1-4 
2017/12/03 17:13:39 INFO  - jmeter.threads.JMeterThread: Thread started: Thread Group 1-5 
2017/12/03 17:13:42 INFO  - jmeter.threads.JMeterThread: Thread finished: Thread Group 1-5 
2017/12/03 17:13:42 INFO  - jmeter.threads.JMeterThread: Thread finished: Thread Group 1-3 
2017/12/03 17:13:42 INFO  - jmeter.threads.JMeterThread: Thread finished: Thread Group 1-2 
2017/12/03 17:13:42 INFO  - jmeter.threads.JMeterThread: Thread finished: Thread Group 1-4 
2017/12/03 17:13:42 INFO  - jmeter.threads.JMeterThread: Thread finished: Thread Group 1-1 
2017/12/03 17:13:42 INFO  - jmeter.engine.StandardJMeterEngine: Notifying test listeners of end of test 
